# JRE version: Java(TM) SE Runtime Environment (8.0_31-b13) (build 1.8.0_31-b13)
# Java VM: Java HotSpot(TM) 64-Bit Server VM (25.31-b07 mixed mode windows-amd64 compressed oops)
Heap:
 PSYoungGen      total 18944K, used 15710K [0x00000000eb000000, 0x00000000ec500000, 0x0000000100000000)
  eden space 16384K, 95% used [0x00000000eb000000,0x00000000ebf57bd0,0x00000000ec000000)
  from space 2560K, 0% used [0x00000000ec000000,0x00000000ec000000,0x00000000ec280000)
  to   space 2560K, 0% used [0x00000000ec280000,0x00000000ec280000,0x00000000ec500000)
 ParOldGen       total 42496K, used 28543K [0x00000000c1000000, 0x00000000c3980000, 0x00000000eb000000)
  object space 42496K, 67% used [0x00000000c1000000,0x00000000c2bdfc90,0x00000000c3980000)
 Metaspace       used 14185K, capacity 14496K, committed 14848K, reserved 1067008K
  class space    used 1661K, capacity 1742K, committed 1792K, reserved 1048576K
GC Heap History (10 events):
Event: 5.251 GC heap before
{Heap before GC invocations=13 (full 9):
 PSYoungGen      total 18944K, used 16384K [0x00000000eb000000, 0x00000000ec500000, 0x0000000100000000)
  eden space 16384K, 100% used [0x00000000eb000000,0x00000000ec000000,0x00000000ec000000)
  from space 2560K, 0% used [0x00000000ec000000,0x00000000ec000000,0x00000000ec280000)
  to   space 2560K, 0% used [0x00000000ec280000,0x00000000ec280000,0x00000000ec500000)
 ParOldGen       total 42496K, used 41236K [0x00000000c1000000, 0x00000000c3980000, 0x00000000eb000000)
  object space 42496K, 97% used [0x00000000c1000000,0x00000000c3845100,0x00000000c3980000)
 Metaspace       used 10817K, capacity 11142K, committed 11392K, reserved 1062912K
  class space    used 1271K, capacity 1353K, committed 1408K, reserved 1048576K
Event: 5.279 GC heap after
Heap after GC invocations=13 (full 9):
 PSYoungGen      total 18944K, used 13145K [0x00000000eb000000, 0x00000000ec500000, 0x0000000100000000)
  eden space 16384K, 80% used [0x00000000eb000000,0x00000000ebcd65d8,0x00000000ec000000)
  from space 2560K, 0% used [0x00000000ec000000,0x00000000ec000000,0x00000000ec280000)
  to   space 2560K, 0% used [0x00000000ec280000,0x00000000ec280000,0x00000000ec500000)
 ParOldGen       total 42496K, used 41215K [0x00000000c1000000, 0x00000000c3980000, 0x00000000eb000000)
  object space 42496K, 96% used [0x00000000c1000000,0x00000000c383fc50,0x00000000c3980000)
 Metaspace       used 10817K, capacity 11142K, committed 11392K, reserved 1062912K
  class space    used 1271K, capacity 1353K, committed 1408K, reserved 1048576K
}
Event: 5.561 GC heap before
{Heap before GC invocations=14 (full 10):
 PSYoungGen      total 18944K, used 16384K [0x00000000eb000000, 0x00000000ec500000, 0x0000000100000000)
  eden space 16384K, 100% used [0x00000000eb000000,0x00000000ec000000,0x00000000ec000000)
  from space 2560K, 0% used [0x00000000ec000000,0x00000000ec000000,0x00000000ec280000)
  to   space 2560K, 0% used [0x00000000ec280000,0x00000000ec280000,0x00000000ec500000)
 ParOldGen       total 42496K, used 41215K [0x00000000c1000000, 0x00000000c3980000, 0x00000000eb000000)
  object space 42496K, 96% used [0x00000000c1000000,0x00000000c383fc50,0x00000000c3980000)
 Metaspace       used 11019K, capacity 11302K, committed 11648K, reserved 1062912K
  class space    used 1301K, capacity 1385K, committed 1408K, reserved 1048576K
Event: 5.584 GC heap after
Heap after GC invocations=14 (full 10):
 PSYoungGen      total 18944K, used 13127K [0x00000000eb000000, 0x00000000ec500000, 0x0000000100000000)
  eden space 16384K, 80% used [0x00000000eb000000,0x00000000ebcd1ea8,0x00000000ec000000)
  from space 2560K, 0% used [0x00000000ec000000,0x00000000ec000000,0x00000000ec280000)
  to   space 2560K, 0% used [0x00000000ec280000,0x00000000ec280000,0x00000000ec500000)
 ParOldGen       total 42496K, used 41214K [0x00000000c1000000, 0x00000000c3980000, 0x00000000eb000000)
  object space 42496K, 96% used [0x00000000c1000000,0x00000000c383f968,0x00000000c3980000)
 Metaspace       used 11019K, capacity 11302K, committed 11648K, reserved 1062912K
  class space    used 1301K, capacity 1385K, committed 1408K, reserved 1048576K
}
Event: 5.872 GC heap before
{Heap before GC invocations=15 (full 11):
 PSYoungGen      total 18944K, used 16384K [0x00000000eb000000, 0x00000000ec500000, 0x0000000100000000)
  eden space 16384K, 100% used [0x00000000eb000000,0x00000000ec000000,0x00000000ec000000)
  from space 2560K, 0% used [0x00000000ec000000,0x00000000ec000000,0x00000000ec280000)
  to   space 2560K, 0% used [0x00000000ec280000,0x00000000ec280000,0x00000000ec500000)
 ParOldGen       total 42496K, used 41214K [0x00000000c1000000, 0x00000000c3980000, 0x00000000eb000000)
  object space 42496K, 96% used [0x00000000c1000000,0x00000000c383f968,0x00000000c3980000)
 Metaspace       used 11092K, capacity 11430K, committed 11648K, reserved 1062912K
  class space    used 1304K, capacity 1385K, committed 1408K, reserved 1048576K
Event: 5.884 GC heap after
Heap after GC invocations=15 (full 11):
 PSYoungGen      total 18944K, used 13183K [0x00000000eb000000, 0x00000000ec500000, 0x0000000100000000)
  eden space 16384K, 80% used [0x00000000eb000000,0x00000000ebcdfdb0,0x00000000ec000000)
  from space 2560K, 0% used [0x00000000ec000000,0x00000000ec000000,0x00000000ec280000)
  to   space 2560K, 0% used [0x00000000ec280000,0x00000000ec280000,0x00000000ec500000)
 ParOldGen       total 42496K, used 41214K [0x00000000c1000000, 0x00000000c3980000, 0x00000000eb000000)
  object space 42496K, 96% used [0x00000000c1000000,0x00000000c383f968,0x00000000c3980000)
 Metaspace       used 11092K, capacity 11430K, committed 11648K, reserved 1062912K
  class space    used 1304K, capacity 1385K, committed 1408K, reserved 1048576K
}
Event: 6.173 GC heap before
{Heap before GC invocations=16 (full 12):
 PSYoungGen      total 18944K, used 16384K [0x00000000eb000000, 0x00000000ec500000, 0x0000000100000000)
  eden space 16384K, 100% used [0x00000000eb000000,0x00000000ec000000,0x00000000ec000000)
  from space 2560K, 0% used [0x00000000ec000000,0x00000000ec000000,0x00000000ec280000)
  to   space 2560K, 0% used [0x00000000ec280000,0x00000000ec280000,0x00000000ec500000)
 ParOldGen       total 42496K, used 41214K [0x00000000c1000000, 0x00000000c3980000, 0x00000000eb000000)
  object space 42496K, 96% used [0x00000000c1000000,0x00000000c383f968,0x00000000c3980000)
 Metaspace       used 11807K, capacity 12076K, committed 12288K, reserved 1062912K
  class space    used 1416K, capacity 1514K, committed 1536K, reserved 1048576K
Event: 6.228 GC heap after
Heap after GC invocations=16 (full 12):
 PSYoungGen      total 18944K, used 13260K [0x00000000eb000000, 0x00000000ec500000, 0x0000000100000000)
  eden space 16384K, 80% used [0x00000000eb000000,0x00000000ebcf32b0,0x00000000ec000000)
  from space 2560K, 0% used [0x00000000ec000000,0x00000000ec000000,0x00000000ec280000)
  to   space 2560K, 0% used [0x00000000ec280000,0x00000000ec280000,0x00000000ec500000)
 ParOldGen       total 42496K, used 41210K [0x00000000c1000000, 0x00000000c3980000, 0x00000000eb000000)
  object space 42496K, 96% used [0x00000000c1000000,0x00000000c383e840,0x00000000c3980000)
 Metaspace       used 11807K, capacity 12076K, committed 12288K, reserved 1062912K
  class space    used 1416K, capacity 1514K, committed 1536K, reserved 1048576K
}
Event: 6.799 GC heap before
{Heap before GC invocations=17 (full 13):
 PSYoungGen      total 18944K, used 16384K [0x00000000eb000000, 0x00000000ec500000, 0x0000000100000000)
  eden space 16384K, 100% used [0x00000000eb000000,0x00000000ec000000,0x00000000ec000000)
  from space 2560K, 0% used [0x00000000ec000000,0x00000000ec000000,0x00000000ec280000)
  to   space 2560K, 0% used [0x00000000ec280000,0x00000000ec280000,0x00000000ec500000)
 ParOldGen       total 42496K, used 41210K [0x00000000c1000000, 0x00000000c3980000, 0x00000000eb000000)
  object space 42496K, 96% used [0x00000000c1000000,0x00000000c383e840,0x00000000c3980000)
 Metaspace       used 13199K, capacity 13528K, committed 13824K, reserved 1064960K
  class space    used 1584K, capacity 1676K, committed 1792K, reserved 1048576K
Event: 6.816 GC heap after
Heap after GC invocations=17 (full 13):
 PSYoungGen      total 18944K, used 0K [0x00000000eb000000, 0x00000000ec500000, 0x0000000100000000)
  eden space 16384K, 0% used [0x00000000eb000000,0x00000000eb000000,0x00000000ec000000)
  from space 2560K, 0% used [0x00000000ec000000,0x00000000ec000000,0x00000000ec280000)
  to   space 2560K, 0% used [0x00000000ec280000,0x00000000ec280000,0x00000000ec500000)
 ParOldGen       total 42496K, used 28543K [0x00000000c1000000, 0x00000000c3980000, 0x00000000eb000000)
  object space 42496K, 67% used [0x00000000c1000000,0x00000000c2bdfc90,0x00000000c3980000)
 Metaspace       used 13199K, capacity 13528K, committed 13824K, reserved 1064960K
  class space    used 1584K, capacity 1676K, committed 1792K, reserved 1048576K
}

