# JRE version: Java(TM) SE Runtime Environment (8.0_31-b13) (build 1.8.0_31-b13)
# Java VM: Java HotSpot(TM) 64-Bit Server VM (25.31-b07 mixed mode windows-amd64 compressed oops)
Heap:
 PSYoungGen      total 53760K, used 42653K [0x00000000eb000000, 0x00000000ee800000, 0x0000000100000000)
  eden space 51200K, 83% used [0x00000000eb000000,0x00000000ed9a7670,0x00000000ee200000)
  from space 2560K, 0% used [0x00000000ee580000,0x00000000ee580000,0x00000000ee800000)
  to   space 3072K, 0% used [0x00000000ee200000,0x00000000ee200000,0x00000000ee500000)
 ParOldGen       total 123392K, used 54267K [0x00000000c1000000, 0x00000000c8880000, 0x00000000eb000000)
  object space 123392K, 43% used [0x00000000c1000000,0x00000000c44fee90,0x00000000c8880000)
 Metaspace       used 14355K, capacity 14662K, committed 14848K, reserved 1062912K
  class space    used 1703K, capacity 1775K, committed 1792K, reserved 1048576K
GC Heap History (10 events):
Event: 4.531 GC heap before
{Heap before GC invocations=5 (full 1):
 PSYoungGen      total 18944K, used 16384K [0x00000000eb000000, 0x00000000ed500000, 0x0000000100000000)
  eden space 16384K, 100% used [0x00000000eb000000,0x00000000ec000000,0x00000000ec000000)
  from space 2560K, 0% used [0x00000000ec000000,0x00000000ec000000,0x00000000ec280000)
  to   space 2560K, 0% used [0x00000000ed280000,0x00000000ed280000,0x00000000ed500000)
 ParOldGen       total 75776K, used 28054K [0x00000000c1000000, 0x00000000c5a00000, 0x00000000eb000000)
  object space 75776K, 37% used [0x00000000c1000000,0x00000000c2b65998,0x00000000c5a00000)
 Metaspace       used 10691K, capacity 10950K, committed 11136K, reserved 1058816K
  class space    used 1273K, capacity 1353K, committed 1408K, reserved 1048576K
Event: 4.533 GC heap after
Heap after GC invocations=5 (full 1):
 PSYoungGen      total 28160K, used 128K [0x00000000eb000000, 0x00000000ed300000, 0x0000000100000000)
  eden space 27648K, 0% used [0x00000000eb000000,0x00000000eb000000,0x00000000ecb00000)
  from space 512K, 25% used [0x00000000ed280000,0x00000000ed2a0000,0x00000000ed300000)
  to   space 2560K, 0% used [0x00000000ece00000,0x00000000ece00000,0x00000000ed080000)
 ParOldGen       total 75776K, used 28062K [0x00000000c1000000, 0x00000000c5a00000, 0x00000000eb000000)
  object space 75776K, 37% used [0x00000000c1000000,0x00000000c2b67998,0x00000000c5a00000)
 Metaspace       used 10691K, capacity 10950K, committed 11136K, reserved 1058816K
  class space    used 1273K, capacity 1353K, committed 1408K, reserved 1048576K
}
Event: 4.686 GC heap before
{Heap before GC invocations=6 (full 1):
 PSYoungGen      total 28160K, used 27776K [0x00000000eb000000, 0x00000000ed300000, 0x0000000100000000)
  eden space 27648K, 100% used [0x00000000eb000000,0x00000000ecb00000,0x00000000ecb00000)
  from space 512K, 25% used [0x00000000ed280000,0x00000000ed2a0000,0x00000000ed300000)
  to   space 2560K, 0% used [0x00000000ece00000,0x00000000ece00000,0x00000000ed080000)
 ParOldGen       total 75776K, used 28062K [0x00000000c1000000, 0x00000000c5a00000, 0x00000000eb000000)
  object space 75776K, 37% used [0x00000000c1000000,0x00000000c2b67998,0x00000000c5a00000)
 Metaspace       used 10691K, capacity 10950K, committed 11136K, reserved 1058816K
  class space    used 1273K, capacity 1353K, committed 1408K, reserved 1048576K
Event: 4.700 GC heap after
Heap after GC invocations=6 (full 1):
 PSYoungGen      total 33280K, used 192K [0x00000000eb000000, 0x00000000ee880000, 0x0000000100000000)
  eden space 30720K, 0% used [0x00000000eb000000,0x00000000eb000000,0x00000000ece00000)
  from space 2560K, 7% used [0x00000000ece00000,0x00000000ece30000,0x00000000ed080000)
  to   space 3072K, 0% used [0x00000000ee580000,0x00000000ee580000,0x00000000ee880000)
 ParOldGen       total 75776K, used 67375K [0x00000000c1000000, 0x00000000c5a00000, 0x00000000eb000000)
  object space 75776K, 88% used [0x00000000c1000000,0x00000000c51cbee0,0x00000000c5a00000)
 Metaspace       used 10691K, capacity 10950K, committed 11136K, reserved 1058816K
  class space    used 1273K, capacity 1353K, committed 1408K, reserved 1048576K
}
Event: 4.700 GC heap before
{Heap before GC invocations=7 (full 2):
 PSYoungGen      total 33280K, used 192K [0x00000000eb000000, 0x00000000ee880000, 0x0000000100000000)
  eden space 30720K, 0% used [0x00000000eb000000,0x00000000eb000000,0x00000000ece00000)
  from space 2560K, 7% used [0x00000000ece00000,0x00000000ece30000,0x00000000ed080000)
  to   space 3072K, 0% used [0x00000000ee580000,0x00000000ee580000,0x00000000ee880000)
 ParOldGen       total 75776K, used 67375K [0x00000000c1000000, 0x00000000c5a00000, 0x00000000eb000000)
  object space 75776K, 88% used [0x00000000c1000000,0x00000000c51cbee0,0x00000000c5a00000)
 Metaspace       used 10691K, capacity 10950K, committed 11136K, reserved 1058816K
  class space    used 1273K, capacity 1353K, committed 1408K, reserved 1048576K
Event: 4.713 GC heap after
Heap after GC invocations=7 (full 2):
 PSYoungGen      total 33280K, used 0K [0x00000000eb000000, 0x00000000ee880000, 0x0000000100000000)
  eden space 30720K, 0% used [0x00000000eb000000,0x00000000eb000000,0x00000000ece00000)
  from space 2560K, 0% used [0x00000000ece00000,0x00000000ece00000,0x00000000ed080000)
  to   space 3072K, 0% used [0x00000000ee580000,0x00000000ee580000,0x00000000ee880000)
 ParOldGen       total 123392K, used 41223K [0x00000000c1000000, 0x00000000c8880000, 0x00000000eb000000)
  object space 123392K, 33% used [0x00000000c1000000,0x00000000c3841c68,0x00000000c8880000)
 Metaspace       used 10691K, capacity 10950K, committed 11136K, reserved 1058816K
  class space    used 1273K, capacity 1353K, committed 1408K, reserved 1048576K
}
Event: 4.877 GC heap before
{Heap before GC invocations=8 (full 2):
 PSYoungGen      total 33280K, used 30720K [0x00000000eb000000, 0x00000000ee880000, 0x0000000100000000)
  eden space 30720K, 100% used [0x00000000eb000000,0x00000000ece00000,0x00000000ece00000)
  from space 2560K, 0% used [0x00000000ece00000,0x00000000ece00000,0x00000000ed080000)
  to   space 3072K, 0% used [0x00000000ee580000,0x00000000ee580000,0x00000000ee880000)
 ParOldGen       total 123392K, used 41223K [0x00000000c1000000, 0x00000000c8880000, 0x00000000eb000000)
  object space 123392K, 33% used [0x00000000c1000000,0x00000000c3841c68,0x00000000c8880000)
 Metaspace       used 10692K, capacity 10950K, committed 11136K, reserved 1058816K
  class space    used 1273K, capacity 1353K, committed 1408K, reserved 1048576K
Event: 4.889 GC heap after
Heap after GC invocations=8 (full 2):
 PSYoungGen      total 53760K, used 160K [0x00000000eb000000, 0x00000000ee800000, 0x0000000100000000)
  eden space 51200K, 0% used [0x00000000eb000000,0x00000000eb000000,0x00000000ee200000)
  from space 2560K, 6% used [0x00000000ee580000,0x00000000ee5a8000,0x00000000ee800000)
  to   space 3072K, 0% used [0x00000000ee200000,0x00000000ee200000,0x00000000ee500000)
 ParOldGen       total 123392K, used 80528K [0x00000000c1000000, 0x00000000c8880000, 0x00000000eb000000)
  object space 123392K, 65% used [0x00000000c1000000,0x00000000c5ea41b0,0x00000000c8880000)
 Metaspace       used 10692K, capacity 10950K, committed 11136K, reserved 1058816K
  class space    used 1273K, capacity 1353K, committed 1408K, reserved 1048576K
}
Event: 4.889 GC heap before
{Heap before GC invocations=9 (full 3):
 PSYoungGen      total 53760K, used 160K [0x00000000eb000000, 0x00000000ee800000, 0x0000000100000000)
  eden space 51200K, 0% used [0x00000000eb000000,0x00000000eb000000,0x00000000ee200000)
  from space 2560K, 6% used [0x00000000ee580000,0x00000000ee5a8000,0x00000000ee800000)
  to   space 3072K, 0% used [0x00000000ee200000,0x00000000ee200000,0x00000000ee500000)
 ParOldGen       total 123392K, used 80528K [0x00000000c1000000, 0x00000000c8880000, 0x00000000eb000000)
  object space 123392K, 65% used [0x00000000c1000000,0x00000000c5ea41b0,0x00000000c8880000)
 Metaspace       used 10692K, capacity 10950K, committed 11136K, reserved 1058816K
  class space    used 1273K, capacity 1353K, committed 1408K, reserved 1048576K
Event: 4.933 GC heap after
Heap after GC invocations=9 (full 3):
 PSYoungGen      total 53760K, used 0K [0x00000000eb000000, 0x00000000ee800000, 0x0000000100000000)
  eden space 51200K, 0% used [0x00000000eb000000,0x00000000eb000000,0x00000000ee200000)
  from space 2560K, 0% used [0x00000000ee580000,0x00000000ee580000,0x00000000ee800000)
  to   space 3072K, 0% used [0x00000000ee200000,0x00000000ee200000,0x00000000ee500000)
 ParOldGen       total 123392K, used 54267K [0x00000000c1000000, 0x00000000c8880000, 0x00000000eb000000)
  object space 123392K, 43% used [0x00000000c1000000,0x00000000c44fee90,0x00000000c8880000)
 Metaspace       used 10692K, capacity 10950K, committed 11136K, reserved 1058816K
  class space    used 1273K, capacity 1353K, committed 1408K, reserved 1048576K
}

