# JRE version: Java(TM) SE Runtime Environment (8.0_31-b13) (build 1.8.0_31-b13)
# Java VM: Java HotSpot(TM) 64-Bit Server VM (25.31-b07 mixed mode windows-amd64 compressed oops)
Heap:
 PSYoungGen      total 54272K, used 44602K [0x00000000eb000000, 0x00000000ee900000, 0x0000000100000000)
  eden space 52224K, 85% used [0x00000000eb000000,0x00000000edb8e8c0,0x00000000ee300000)
  from space 2048K, 0% used [0x00000000ee700000,0x00000000ee700000,0x00000000ee900000)
  to   space 3072K, 0% used [0x00000000ee300000,0x00000000ee300000,0x00000000ee600000)
 ParOldGen       total 158720K, used 54266K [0x00000000c1000000, 0x00000000cab00000, 0x00000000eb000000)
  object space 158720K, 34% used [0x00000000c1000000,0x00000000c44feba8,0x00000000cab00000)
 Metaspace       used 14594K, capacity 14886K, committed 15232K, reserved 1062912K
  class space    used 1739K, capacity 1807K, committed 1920K, reserved 1048576K
GC Heap History (10 events):
Event: 4.229 GC heap before
{Heap before GC invocations=5 (full 1):
 PSYoungGen      total 18944K, used 16384K [0x00000000eb000000, 0x00000000ed500000, 0x0000000100000000)
  eden space 16384K, 100% used [0x00000000eb000000,0x00000000ec000000,0x00000000ec000000)
  from space 2560K, 0% used [0x00000000ec000000,0x00000000ec000000,0x00000000ec280000)
  to   space 2560K, 0% used [0x00000000ed280000,0x00000000ed280000,0x00000000ed500000)
 ParOldGen       total 77312K, used 28053K [0x00000000c1000000, 0x00000000c5b80000, 0x00000000eb000000)
  object space 77312K, 36% used [0x00000000c1000000,0x00000000c2b656b0,0x00000000c5b80000)
 Metaspace       used 10680K, capacity 10982K, committed 11136K, reserved 1058816K
  class space    used 1264K, capacity 1321K, committed 1408K, reserved 1048576K
Event: 4.238 GC heap after
Heap after GC invocations=5 (full 1):
 PSYoungGen      total 29184K, used 128K [0x00000000eb000000, 0x00000000ed300000, 0x0000000100000000)
  eden space 28672K, 0% used [0x00000000eb000000,0x00000000eb000000,0x00000000ecc00000)
  from space 512K, 25% used [0x00000000ed280000,0x00000000ed2a0000,0x00000000ed300000)
  to   space 2560K, 0% used [0x00000000ece00000,0x00000000ece00000,0x00000000ed080000)
 ParOldGen       total 77312K, used 28061K [0x00000000c1000000, 0x00000000c5b80000, 0x00000000eb000000)
  object space 77312K, 36% used [0x00000000c1000000,0x00000000c2b676b0,0x00000000c5b80000)
 Metaspace       used 10680K, capacity 10982K, committed 11136K, reserved 1058816K
  class space    used 1264K, capacity 1321K, committed 1408K, reserved 1048576K
}
Event: 4.392 GC heap before
{Heap before GC invocations=6 (full 1):
 PSYoungGen      total 29184K, used 28800K [0x00000000eb000000, 0x00000000ed300000, 0x0000000100000000)
  eden space 28672K, 100% used [0x00000000eb000000,0x00000000ecc00000,0x00000000ecc00000)
  from space 512K, 25% used [0x00000000ed280000,0x00000000ed2a0000,0x00000000ed300000)
  to   space 2560K, 0% used [0x00000000ece00000,0x00000000ece00000,0x00000000ed080000)
 ParOldGen       total 77312K, used 28061K [0x00000000c1000000, 0x00000000c5b80000, 0x00000000eb000000)
  object space 77312K, 36% used [0x00000000c1000000,0x00000000c2b676b0,0x00000000c5b80000)
 Metaspace       used 10681K, capacity 10982K, committed 11136K, reserved 1058816K
  class space    used 1264K, capacity 1321K, committed 1408K, reserved 1048576K
Event: 4.407 GC heap after
Heap after GC invocations=6 (full 1):
 PSYoungGen      total 33280K, used 192K [0x00000000eb000000, 0x00000000eea00000, 0x0000000100000000)
  eden space 30720K, 0% used [0x00000000eb000000,0x00000000eb000000,0x00000000ece00000)
  from space 2560K, 7% used [0x00000000ece00000,0x00000000ece30000,0x00000000ed080000)
  to   space 3072K, 0% used [0x00000000ee700000,0x00000000ee700000,0x00000000eea00000)
 ParOldGen       total 77312K, used 67374K [0x00000000c1000000, 0x00000000c5b80000, 0x00000000eb000000)
  object space 77312K, 87% used [0x00000000c1000000,0x00000000c51cbbf8,0x00000000c5b80000)
 Metaspace       used 10681K, capacity 10982K, committed 11136K, reserved 1058816K
  class space    used 1264K, capacity 1321K, committed 1408K, reserved 1048576K
}
Event: 4.407 GC heap before
{Heap before GC invocations=7 (full 2):
 PSYoungGen      total 33280K, used 192K [0x00000000eb000000, 0x00000000eea00000, 0x0000000100000000)
  eden space 30720K, 0% used [0x00000000eb000000,0x00000000eb000000,0x00000000ece00000)
  from space 2560K, 7% used [0x00000000ece00000,0x00000000ece30000,0x00000000ed080000)
  to   space 3072K, 0% used [0x00000000ee700000,0x00000000ee700000,0x00000000eea00000)
 ParOldGen       total 77312K, used 67374K [0x00000000c1000000, 0x00000000c5b80000, 0x00000000eb000000)
  object space 77312K, 87% used [0x00000000c1000000,0x00000000c51cbbf8,0x00000000c5b80000)
 Metaspace       used 10681K, capacity 10982K, committed 11136K, reserved 1058816K
  class space    used 1264K, capacity 1321K, committed 1408K, reserved 1048576K
Event: 4.419 GC heap after
Heap after GC invocations=7 (full 2):
 PSYoungGen      total 33280K, used 0K [0x00000000eb000000, 0x00000000eea00000, 0x0000000100000000)
  eden space 30720K, 0% used [0x00000000eb000000,0x00000000eb000000,0x00000000ece00000)
  from space 2560K, 0% used [0x00000000ece00000,0x00000000ece00000,0x00000000ed080000)
  to   space 3072K, 0% used [0x00000000ee700000,0x00000000ee700000,0x00000000eea00000)
 ParOldGen       total 124416K, used 41222K [0x00000000c1000000, 0x00000000c8980000, 0x00000000eb000000)
  object space 124416K, 33% used [0x00000000c1000000,0x00000000c38419e8,0x00000000c8980000)
 Metaspace       used 10681K, capacity 10982K, committed 11136K, reserved 1058816K
  class space    used 1264K, capacity 1321K, committed 1408K, reserved 1048576K
}
Event: 4.578 GC heap before
{Heap before GC invocations=8 (full 2):
 PSYoungGen      total 33280K, used 30720K [0x00000000eb000000, 0x00000000eea00000, 0x0000000100000000)
  eden space 30720K, 100% used [0x00000000eb000000,0x00000000ece00000,0x00000000ece00000)
  from space 2560K, 0% used [0x00000000ece00000,0x00000000ece00000,0x00000000ed080000)
  to   space 3072K, 0% used [0x00000000ee700000,0x00000000ee700000,0x00000000eea00000)
 ParOldGen       total 124416K, used 41222K [0x00000000c1000000, 0x00000000c8980000, 0x00000000eb000000)
  object space 124416K, 33% used [0x00000000c1000000,0x00000000c38419e8,0x00000000c8980000)
 Metaspace       used 10681K, capacity 10982K, committed 11136K, reserved 1058816K
  class space    used 1264K, capacity 1321K, committed 1408K, reserved 1048576K
Event: 4.590 GC heap after
Heap after GC invocations=8 (full 2):
 PSYoungGen      total 54272K, used 160K [0x00000000eb000000, 0x00000000ee900000, 0x0000000100000000)
  eden space 52224K, 0% used [0x00000000eb000000,0x00000000eb000000,0x00000000ee300000)
  from space 2048K, 7% used [0x00000000ee700000,0x00000000ee728000,0x00000000ee900000)
  to   space 3072K, 0% used [0x00000000ee300000,0x00000000ee300000,0x00000000ee600000)
 ParOldGen       total 124416K, used 80527K [0x00000000c1000000, 0x00000000c8980000, 0x00000000eb000000)
  object space 124416K, 64% used [0x00000000c1000000,0x00000000c5ea3f30,0x00000000c8980000)
 Metaspace       used 10681K, capacity 10982K, committed 11136K, reserved 1058816K
  class space    used 1264K, capacity 1321K, committed 1408K, reserved 1048576K
}
Event: 4.590 GC heap before
{Heap before GC invocations=9 (full 3):
 PSYoungGen      total 54272K, used 160K [0x00000000eb000000, 0x00000000ee900000, 0x0000000100000000)
  eden space 52224K, 0% used [0x00000000eb000000,0x00000000eb000000,0x00000000ee300000)
  from space 2048K, 7% used [0x00000000ee700000,0x00000000ee728000,0x00000000ee900000)
  to   space 3072K, 0% used [0x00000000ee300000,0x00000000ee300000,0x00000000ee600000)
 ParOldGen       total 124416K, used 80527K [0x00000000c1000000, 0x00000000c8980000, 0x00000000eb000000)
  object space 124416K, 64% used [0x00000000c1000000,0x00000000c5ea3f30,0x00000000c8980000)
 Metaspace       used 10681K, capacity 10982K, committed 11136K, reserved 1058816K
  class space    used 1264K, capacity 1321K, committed 1408K, reserved 1048576K
Event: 4.638 GC heap after
Heap after GC invocations=9 (full 3):
 PSYoungGen      total 54272K, used 0K [0x00000000eb000000, 0x00000000ee900000, 0x0000000100000000)
  eden space 52224K, 0% used [0x00000000eb000000,0x00000000eb000000,0x00000000ee300000)
  from space 2048K, 0% used [0x00000000ee700000,0x00000000ee700000,0x00000000ee900000)
  to   space 3072K, 0% used [0x00000000ee300000,0x00000000ee300000,0x00000000ee600000)
 ParOldGen       total 158720K, used 54266K [0x00000000c1000000, 0x00000000cab00000, 0x00000000eb000000)
  object space 158720K, 34% used [0x00000000c1000000,0x00000000c44feba8,0x00000000cab00000)
 Metaspace       used 10681K, capacity 10982K, committed 11136K, reserved 1058816K
  class space    used 1264K, capacity 1321K, committed 1408K, reserved 1048576K
}

