# JRE version: Java(TM) SE Runtime Environment (8.0_31-b13) (build 1.8.0_31-b13)
# Java VM: Java HotSpot(TM) 64-Bit Server VM (25.31-b07 mixed mode windows-amd64 compressed oops)
Heap:
 PSYoungGen      total 51200K, used 42226K [0x00000000eb000000, 0x00000000ee780000, 0x0000000100000000)
  eden space 50688K, 83% used [0x00000000eb000000,0x00000000ed93c9c0,0x00000000ee180000)
  from space 512K, 0% used [0x00000000ee700000,0x00000000ee700000,0x00000000ee780000)
  to   space 3072K, 0% used [0x00000000ee180000,0x00000000ee180000,0x00000000ee480000)
 ParOldGen       total 157696K, used 54266K [0x00000000c1000000, 0x00000000caa00000, 0x00000000eb000000)
  object space 157696K, 34% used [0x00000000c1000000,0x00000000c44feb98,0x00000000caa00000)
 Metaspace       used 14357K, capacity 14662K, committed 14848K, reserved 1062912K
  class space    used 1698K, capacity 1775K, committed 1792K, reserved 1048576K
GC Heap History (10 events):
Event: 5.560 GC heap before
{Heap before GC invocations=5 (full 1):
 PSYoungGen      total 18944K, used 16384K [0x00000000eb000000, 0x00000000ed500000, 0x0000000100000000)
  eden space 16384K, 100% used [0x00000000eb000000,0x00000000ec000000,0x00000000ec000000)
  from space 2560K, 0% used [0x00000000ec000000,0x00000000ec000000,0x00000000ec280000)
  to   space 2560K, 0% used [0x00000000ed280000,0x00000000ed280000,0x00000000ed500000)
 ParOldGen       total 75264K, used 28053K [0x00000000c1000000, 0x00000000c5980000, 0x00000000eb000000)
  object space 75264K, 37% used [0x00000000c1000000,0x00000000c2b656a0,0x00000000c5980000)
 Metaspace       used 10685K, capacity 11014K, committed 11136K, reserved 1058816K
  class space    used 1267K, capacity 1353K, committed 1408K, reserved 1048576K
Event: 5.562 GC heap after
Heap after GC invocations=5 (full 1):
 PSYoungGen      total 28672K, used 96K [0x00000000eb000000, 0x00000000ed300000, 0x0000000100000000)
  eden space 28160K, 0% used [0x00000000eb000000,0x00000000eb000000,0x00000000ecb80000)
  from space 512K, 18% used [0x00000000ed280000,0x00000000ed298000,0x00000000ed300000)
  to   space 2560K, 0% used [0x00000000ece00000,0x00000000ece00000,0x00000000ed080000)
 ParOldGen       total 75264K, used 28061K [0x00000000c1000000, 0x00000000c5980000, 0x00000000eb000000)
  object space 75264K, 37% used [0x00000000c1000000,0x00000000c2b676a0,0x00000000c5980000)
 Metaspace       used 10685K, capacity 11014K, committed 11136K, reserved 1058816K
  class space    used 1267K, capacity 1353K, committed 1408K, reserved 1048576K
}
Event: 5.716 GC heap before
{Heap before GC invocations=6 (full 1):
 PSYoungGen      total 28672K, used 28256K [0x00000000eb000000, 0x00000000ed300000, 0x0000000100000000)
  eden space 28160K, 100% used [0x00000000eb000000,0x00000000ecb80000,0x00000000ecb80000)
  from space 512K, 18% used [0x00000000ed280000,0x00000000ed298000,0x00000000ed300000)
  to   space 2560K, 0% used [0x00000000ece00000,0x00000000ece00000,0x00000000ed080000)
 ParOldGen       total 75264K, used 28061K [0x00000000c1000000, 0x00000000c5980000, 0x00000000eb000000)
  object space 75264K, 37% used [0x00000000c1000000,0x00000000c2b676a0,0x00000000c5980000)
 Metaspace       used 10685K, capacity 11014K, committed 11136K, reserved 1058816K
  class space    used 1267K, capacity 1353K, committed 1408K, reserved 1048576K
Event: 5.729 GC heap after
Heap after GC invocations=6 (full 1):
 PSYoungGen      total 33280K, used 192K [0x00000000eb000000, 0x00000000eea00000, 0x0000000100000000)
  eden space 30720K, 0% used [0x00000000eb000000,0x00000000eb000000,0x00000000ece00000)
  from space 2560K, 7% used [0x00000000ece00000,0x00000000ece30000,0x00000000ed080000)
  to   space 3072K, 0% used [0x00000000ee700000,0x00000000ee700000,0x00000000eea00000)
 ParOldGen       total 75264K, used 67374K [0x00000000c1000000, 0x00000000c5980000, 0x00000000eb000000)
  object space 75264K, 89% used [0x00000000c1000000,0x00000000c51cbbe8,0x00000000c5980000)
 Metaspace       used 10685K, capacity 11014K, committed 11136K, reserved 1058816K
  class space    used 1267K, capacity 1353K, committed 1408K, reserved 1048576K
}
Event: 5.729 GC heap before
{Heap before GC invocations=7 (full 2):
 PSYoungGen      total 33280K, used 192K [0x00000000eb000000, 0x00000000eea00000, 0x0000000100000000)
  eden space 30720K, 0% used [0x00000000eb000000,0x00000000eb000000,0x00000000ece00000)
  from space 2560K, 7% used [0x00000000ece00000,0x00000000ece30000,0x00000000ed080000)
  to   space 3072K, 0% used [0x00000000ee700000,0x00000000ee700000,0x00000000eea00000)
 ParOldGen       total 75264K, used 67374K [0x00000000c1000000, 0x00000000c5980000, 0x00000000eb000000)
  object space 75264K, 89% used [0x00000000c1000000,0x00000000c51cbbe8,0x00000000c5980000)
 Metaspace       used 10685K, capacity 11014K, committed 11136K, reserved 1058816K
  class space    used 1267K, capacity 1353K, committed 1408K, reserved 1048576K
Event: 5.743 GC heap after
Heap after GC invocations=7 (full 2):
 PSYoungGen      total 33280K, used 0K [0x00000000eb000000, 0x00000000eea00000, 0x0000000100000000)
  eden space 30720K, 0% used [0x00000000eb000000,0x00000000eb000000,0x00000000ece00000)
  from space 2560K, 0% used [0x00000000ece00000,0x00000000ece00000,0x00000000ed080000)
  to   space 3072K, 0% used [0x00000000ee700000,0x00000000ee700000,0x00000000eea00000)
 ParOldGen       total 123392K, used 41222K [0x00000000c1000000, 0x00000000c8880000, 0x00000000eb000000)
  object space 123392K, 33% used [0x00000000c1000000,0x00000000c3841970,0x00000000c8880000)
 Metaspace       used 10685K, capacity 11014K, committed 11136K, reserved 1058816K
  class space    used 1267K, capacity 1353K, committed 1408K, reserved 1048576K
}
Event: 5.925 GC heap before
{Heap before GC invocations=8 (full 2):
 PSYoungGen      total 33280K, used 30720K [0x00000000eb000000, 0x00000000eea00000, 0x0000000100000000)
  eden space 30720K, 100% used [0x00000000eb000000,0x00000000ece00000,0x00000000ece00000)
  from space 2560K, 0% used [0x00000000ece00000,0x00000000ece00000,0x00000000ed080000)
  to   space 3072K, 0% used [0x00000000ee700000,0x00000000ee700000,0x00000000eea00000)
 ParOldGen       total 123392K, used 41222K [0x00000000c1000000, 0x00000000c8880000, 0x00000000eb000000)
  object space 123392K, 33% used [0x00000000c1000000,0x00000000c3841970,0x00000000c8880000)
 Metaspace       used 10685K, capacity 11014K, committed 11136K, reserved 1058816K
  class space    used 1267K, capacity 1353K, committed 1408K, reserved 1048576K
Event: 5.937 GC heap after
Heap after GC invocations=8 (full 2):
 PSYoungGen      total 51200K, used 160K [0x00000000eb000000, 0x00000000ee780000, 0x0000000100000000)
  eden space 50688K, 0% used [0x00000000eb000000,0x00000000eb000000,0x00000000ee180000)
  from space 512K, 31% used [0x00000000ee700000,0x00000000ee728000,0x00000000ee780000)
  to   space 3072K, 0% used [0x00000000ee180000,0x00000000ee180000,0x00000000ee480000)
 ParOldGen       total 123392K, used 80527K [0x00000000c1000000, 0x00000000c8880000, 0x00000000eb000000)
  object space 123392K, 65% used [0x00000000c1000000,0x00000000c5ea3eb8,0x00000000c8880000)
 Metaspace       used 10685K, capacity 11014K, committed 11136K, reserved 1058816K
  class space    used 1267K, capacity 1353K, committed 1408K, reserved 1048576K
}
Event: 5.937 GC heap before
{Heap before GC invocations=9 (full 3):
 PSYoungGen      total 51200K, used 160K [0x00000000eb000000, 0x00000000ee780000, 0x0000000100000000)
  eden space 50688K, 0% used [0x00000000eb000000,0x00000000eb000000,0x00000000ee180000)
  from space 512K, 31% used [0x00000000ee700000,0x00000000ee728000,0x00000000ee780000)
  to   space 3072K, 0% used [0x00000000ee180000,0x00000000ee180000,0x00000000ee480000)
 ParOldGen       total 123392K, used 80527K [0x00000000c1000000, 0x00000000c8880000, 0x00000000eb000000)
  object space 123392K, 65% used [0x00000000c1000000,0x00000000c5ea3eb8,0x00000000c8880000)
 Metaspace       used 10685K, capacity 11014K, committed 11136K, reserved 1058816K
  class space    used 1267K, capacity 1353K, committed 1408K, reserved 1048576K
Event: 5.981 GC heap after
Heap after GC invocations=9 (full 3):
 PSYoungGen      total 51200K, used 0K [0x00000000eb000000, 0x00000000ee780000, 0x0000000100000000)
  eden space 50688K, 0% used [0x00000000eb000000,0x00000000eb000000,0x00000000ee180000)
  from space 512K, 0% used [0x00000000ee700000,0x00000000ee700000,0x00000000ee780000)
  to   space 3072K, 0% used [0x00000000ee180000,0x00000000ee180000,0x00000000ee480000)
 ParOldGen       total 157696K, used 54266K [0x00000000c1000000, 0x00000000caa00000, 0x00000000eb000000)
  object space 157696K, 34% used [0x00000000c1000000,0x00000000c44feb98,0x00000000caa00000)
 Metaspace       used 10685K, capacity 11014K, committed 11136K, reserved 1058816K
  class space    used 1267K, capacity 1353K, committed 1408K, reserved 1048576K
}

