# JRE version: Java(TM) SE Runtime Environment (8.0_31-b13) (build 1.8.0_31-b13)
# Java VM: Java HotSpot(TM) 64-Bit Server VM (25.31-b07 mixed mode windows-amd64 compressed oops)
Heap:
 PSYoungGen      total 52736K, used 29953K [0x00000000eb000000, 0x00000000eeb00000, 0x0000000100000000)
  eden space 52224K, 57% used [0x00000000eb000000,0x00000000ecd40788,0x00000000ee300000)
  from space 512K, 0% used [0x00000000eea80000,0x00000000eea80000,0x00000000eeb00000)
  to   space 3072K, 0% used [0x00000000ee500000,0x00000000ee500000,0x00000000ee800000)
 ParOldGen       total 86528K, used 54265K [0x00000000c1000000, 0x00000000c6480000, 0x00000000eb000000)
  object space 86528K, 62% used [0x00000000c1000000,0x00000000c44fe5b8,0x00000000c6480000)
 Metaspace       used 13985K, capacity 14304K, committed 14592K, reserved 1062912K
  class space    used 1672K, capacity 1742K, committed 1792K, reserved 1048576K
GC Heap History (10 events):
Event: 4.498 GC heap before
{Heap before GC invocations=5 (full 1):
 PSYoungGen      total 18944K, used 16384K [0x00000000eb000000, 0x00000000ed500000, 0x0000000100000000)
  eden space 16384K, 100% used [0x00000000eb000000,0x00000000ec000000,0x00000000ec000000)
  from space 2560K, 0% used [0x00000000ec000000,0x00000000ec000000,0x00000000ec280000)
  to   space 2560K, 0% used [0x00000000ed280000,0x00000000ed280000,0x00000000ed500000)
 ParOldGen       total 73216K, used 28051K [0x00000000c1000000, 0x00000000c5780000, 0x00000000eb000000)
  object space 73216K, 38% used [0x00000000c1000000,0x00000000c2b64ce0,0x00000000c5780000)
 Metaspace       used 10684K, capacity 10982K, committed 11136K, reserved 1058816K
  class space    used 1263K, capacity 1321K, committed 1408K, reserved 1048576K
Event: 4.500 GC heap after
Heap after GC invocations=5 (full 1):
 PSYoungGen      total 30720K, used 128K [0x00000000eb000000, 0x00000000ed300000, 0x0000000100000000)
  eden space 30208K, 0% used [0x00000000eb000000,0x00000000eb000000,0x00000000ecd80000)
  from space 512K, 25% used [0x00000000ed280000,0x00000000ed2a0000,0x00000000ed300000)
  to   space 2560K, 0% used [0x00000000ece00000,0x00000000ece00000,0x00000000ed080000)
 ParOldGen       total 73216K, used 28059K [0x00000000c1000000, 0x00000000c5780000, 0x00000000eb000000)
  object space 73216K, 38% used [0x00000000c1000000,0x00000000c2b66ce0,0x00000000c5780000)
 Metaspace       used 10684K, capacity 10982K, committed 11136K, reserved 1058816K
  class space    used 1263K, capacity 1321K, committed 1408K, reserved 1048576K
}
Event: 4.695 GC heap before
{Heap before GC invocations=6 (full 1):
 PSYoungGen      total 30720K, used 30336K [0x00000000eb000000, 0x00000000ed300000, 0x0000000100000000)
  eden space 30208K, 100% used [0x00000000eb000000,0x00000000ecd80000,0x00000000ecd80000)
  from space 512K, 25% used [0x00000000ed280000,0x00000000ed2a0000,0x00000000ed300000)
  to   space 2560K, 0% used [0x00000000ece00000,0x00000000ece00000,0x00000000ed080000)
 ParOldGen       total 73216K, used 28059K [0x00000000c1000000, 0x00000000c5780000, 0x00000000eb000000)
  object space 73216K, 38% used [0x00000000c1000000,0x00000000c2b66ce0,0x00000000c5780000)
 Metaspace       used 10685K, capacity 10982K, committed 11136K, reserved 1058816K
  class space    used 1263K, capacity 1321K, committed 1408K, reserved 1048576K
Event: 4.710 GC heap after
Heap after GC invocations=6 (full 1):
 PSYoungGen      total 33280K, used 160K [0x00000000eb000000, 0x00000000eed80000, 0x0000000100000000)
  eden space 30720K, 0% used [0x00000000eb000000,0x00000000eb000000,0x00000000ece00000)
  from space 2560K, 6% used [0x00000000ece00000,0x00000000ece28000,0x00000000ed080000)
  to   space 3072K, 0% used [0x00000000eea80000,0x00000000eea80000,0x00000000eed80000)
 ParOldGen       total 73216K, used 67372K [0x00000000c1000000, 0x00000000c5780000, 0x00000000eb000000)
  object space 73216K, 92% used [0x00000000c1000000,0x00000000c51cb228,0x00000000c5780000)
 Metaspace       used 10685K, capacity 10982K, committed 11136K, reserved 1058816K
  class space    used 1263K, capacity 1321K, committed 1408K, reserved 1048576K
}
Event: 4.710 GC heap before
{Heap before GC invocations=7 (full 2):
 PSYoungGen      total 33280K, used 160K [0x00000000eb000000, 0x00000000eed80000, 0x0000000100000000)
  eden space 30720K, 0% used [0x00000000eb000000,0x00000000eb000000,0x00000000ece00000)
  from space 2560K, 6% used [0x00000000ece00000,0x00000000ece28000,0x00000000ed080000)
  to   space 3072K, 0% used [0x00000000eea80000,0x00000000eea80000,0x00000000eed80000)
 ParOldGen       total 73216K, used 67372K [0x00000000c1000000, 0x00000000c5780000, 0x00000000eb000000)
  object space 73216K, 92% used [0x00000000c1000000,0x00000000c51cb228,0x00000000c5780000)
 Metaspace       used 10685K, capacity 10982K, committed 11136K, reserved 1058816K
  class space    used 1263K, capacity 1321K, committed 1408K, reserved 1048576K
Event: 4.722 GC heap after
Heap after GC invocations=7 (full 2):
 PSYoungGen      total 33280K, used 0K [0x00000000eb000000, 0x00000000eed80000, 0x0000000100000000)
  eden space 30720K, 0% used [0x00000000eb000000,0x00000000eb000000,0x00000000ece00000)
  from space 2560K, 0% used [0x00000000ece00000,0x00000000ece00000,0x00000000ed080000)
  to   space 3072K, 0% used [0x00000000eea80000,0x00000000eea80000,0x00000000eed80000)
 ParOldGen       total 73216K, used 41220K [0x00000000c1000000, 0x00000000c5780000, 0x00000000eb000000)
  object space 73216K, 56% used [0x00000000c1000000,0x00000000c3841108,0x00000000c5780000)
 Metaspace       used 10685K, capacity 10982K, committed 11136K, reserved 1058816K
  class space    used 1263K, capacity 1321K, committed 1408K, reserved 1048576K
}
Event: 4.939 GC heap before
{Heap before GC invocations=8 (full 2):
 PSYoungGen      total 33280K, used 30718K [0x00000000eb000000, 0x00000000eed80000, 0x0000000100000000)
  eden space 30720K, 99% used [0x00000000eb000000,0x00000000ecdff830,0x00000000ece00000)
  from space 2560K, 0% used [0x00000000ece00000,0x00000000ece00000,0x00000000ed080000)
  to   space 3072K, 0% used [0x00000000eea80000,0x00000000eea80000,0x00000000eed80000)
 ParOldGen       total 73216K, used 41220K [0x00000000c1000000, 0x00000000c5780000, 0x00000000eb000000)
  object space 73216K, 56% used [0x00000000c1000000,0x00000000c3841108,0x00000000c5780000)
 Metaspace       used 10685K, capacity 10982K, committed 11136K, reserved 1058816K
  class space    used 1263K, capacity 1321K, committed 1408K, reserved 1048576K
Event: 4.950 GC heap after
Heap after GC invocations=8 (full 2):
 PSYoungGen      total 52736K, used 160K [0x00000000eb000000, 0x00000000eeb00000, 0x0000000100000000)
  eden space 52224K, 0% used [0x00000000eb000000,0x00000000eb000000,0x00000000ee300000)
  from space 512K, 31% used [0x00000000eea80000,0x00000000eeaa8000,0x00000000eeb00000)
  to   space 3072K, 0% used [0x00000000ee500000,0x00000000ee500000,0x00000000ee800000)
 ParOldGen       total 86528K, used 80525K [0x00000000c1000000, 0x00000000c6480000, 0x00000000eb000000)
  object space 86528K, 93% used [0x00000000c1000000,0x00000000c5ea3650,0x00000000c6480000)
 Metaspace       used 10685K, capacity 10982K, committed 11136K, reserved 1058816K
  class space    used 1263K, capacity 1321K, committed 1408K, reserved 1048576K
}
Event: 4.950 GC heap before
{Heap before GC invocations=9 (full 3):
 PSYoungGen      total 52736K, used 160K [0x00000000eb000000, 0x00000000eeb00000, 0x0000000100000000)
  eden space 52224K, 0% used [0x00000000eb000000,0x00000000eb000000,0x00000000ee300000)
  from space 512K, 31% used [0x00000000eea80000,0x00000000eeaa8000,0x00000000eeb00000)
  to   space 3072K, 0% used [0x00000000ee500000,0x00000000ee500000,0x00000000ee800000)
 ParOldGen       total 86528K, used 80525K [0x00000000c1000000, 0x00000000c6480000, 0x00000000eb000000)
  object space 86528K, 93% used [0x00000000c1000000,0x00000000c5ea3650,0x00000000c6480000)
 Metaspace       used 10685K, capacity 10982K, committed 11136K, reserved 1058816K
  class space    used 1263K, capacity 1321K, committed 1408K, reserved 1048576K
Event: 5.001 GC heap after
Heap after GC invocations=9 (full 3):
 PSYoungGen      total 52736K, used 0K [0x00000000eb000000, 0x00000000eeb00000, 0x0000000100000000)
  eden space 52224K, 0% used [0x00000000eb000000,0x00000000eb000000,0x00000000ee300000)
  from space 512K, 0% used [0x00000000eea80000,0x00000000eea80000,0x00000000eeb00000)
  to   space 3072K, 0% used [0x00000000ee500000,0x00000000ee500000,0x00000000ee800000)
 ParOldGen       total 86528K, used 54265K [0x00000000c1000000, 0x00000000c6480000, 0x00000000eb000000)
  object space 86528K, 62% used [0x00000000c1000000,0x00000000c44fe5b8,0x00000000c6480000)
 Metaspace       used 10685K, capacity 10982K, committed 11136K, reserved 1058816K
  class space    used 1263K, capacity 1321K, committed 1408K, reserved 1048576K
}

