# JRE version: Java(TM) SE Runtime Environment (8.0_31-b13) (build 1.8.0_31-b13)
# Java VM: Java HotSpot(TM) 64-Bit Server VM (25.31-b07 mixed mode windows-amd64 compressed oops)
Heap:
 PSYoungGen      total 53248K, used 42440K [0x00000000eb000000, 0x00000000ee880000, 0x0000000100000000)
  eden space 51712K, 82% used [0x00000000eb000000,0x00000000ed972088,0x00000000ee280000)
  from space 1536K, 0% used [0x00000000ee700000,0x00000000ee700000,0x00000000ee880000)
  to   space 3072K, 0% used [0x00000000ee280000,0x00000000ee280000,0x00000000ee580000)
 ParOldGen       total 156672K, used 54266K [0x00000000c1000000, 0x00000000ca900000, 0x00000000eb000000)
  object space 156672K, 34% used [0x00000000c1000000,0x00000000c44feb60,0x00000000ca900000)
 Metaspace       used 14366K, capacity 14662K, committed 14848K, reserved 1062912K
  class space    used 1699K, capacity 1775K, committed 1792K, reserved 1048576K
GC Heap History (10 events):
Event: 5.474 GC heap before
{Heap before GC invocations=5 (full 1):
 PSYoungGen      total 18944K, used 16384K [0x00000000eb000000, 0x00000000ed500000, 0x0000000100000000)
  eden space 16384K, 100% used [0x00000000eb000000,0x00000000ec000000,0x00000000ec000000)
  from space 2560K, 0% used [0x00000000ec000000,0x00000000ec000000,0x00000000ec280000)
  to   space 2560K, 0% used [0x00000000ed280000,0x00000000ed280000,0x00000000ed500000)
 ParOldGen       total 75264K, used 28053K [0x00000000c1000000, 0x00000000c5980000, 0x00000000eb000000)
  object space 75264K, 37% used [0x00000000c1000000,0x00000000c2b65668,0x00000000c5980000)
 Metaspace       used 10684K, capacity 10950K, committed 11136K, reserved 1058816K
  class space    used 1266K, capacity 1353K, committed 1408K, reserved 1048576K
Event: 5.476 GC heap after
Heap after GC invocations=5 (full 1):
 PSYoungGen      total 28672K, used 128K [0x00000000eb000000, 0x00000000ed300000, 0x0000000100000000)
  eden space 28160K, 0% used [0x00000000eb000000,0x00000000eb000000,0x00000000ecb80000)
  from space 512K, 25% used [0x00000000ed280000,0x00000000ed2a0000,0x00000000ed300000)
  to   space 2560K, 0% used [0x00000000ece00000,0x00000000ece00000,0x00000000ed080000)
 ParOldGen       total 75264K, used 28061K [0x00000000c1000000, 0x00000000c5980000, 0x00000000eb000000)
  object space 75264K, 37% used [0x00000000c1000000,0x00000000c2b67668,0x00000000c5980000)
 Metaspace       used 10684K, capacity 10950K, committed 11136K, reserved 1058816K
  class space    used 1266K, capacity 1353K, committed 1408K, reserved 1048576K
}
Event: 5.629 GC heap before
{Heap before GC invocations=6 (full 1):
 PSYoungGen      total 28672K, used 28288K [0x00000000eb000000, 0x00000000ed300000, 0x0000000100000000)
  eden space 28160K, 100% used [0x00000000eb000000,0x00000000ecb80000,0x00000000ecb80000)
  from space 512K, 25% used [0x00000000ed280000,0x00000000ed2a0000,0x00000000ed300000)
  to   space 2560K, 0% used [0x00000000ece00000,0x00000000ece00000,0x00000000ed080000)
 ParOldGen       total 75264K, used 28061K [0x00000000c1000000, 0x00000000c5980000, 0x00000000eb000000)
  object space 75264K, 37% used [0x00000000c1000000,0x00000000c2b67668,0x00000000c5980000)
 Metaspace       used 10684K, capacity 10950K, committed 11136K, reserved 1058816K
  class space    used 1266K, capacity 1353K, committed 1408K, reserved 1048576K
Event: 5.644 GC heap after
Heap after GC invocations=6 (full 1):
 PSYoungGen      total 33280K, used 160K [0x00000000eb000000, 0x00000000eea00000, 0x0000000100000000)
  eden space 30720K, 0% used [0x00000000eb000000,0x00000000eb000000,0x00000000ece00000)
  from space 2560K, 6% used [0x00000000ece00000,0x00000000ece28000,0x00000000ed080000)
  to   space 3072K, 0% used [0x00000000ee700000,0x00000000ee700000,0x00000000eea00000)
 ParOldGen       total 75264K, used 67374K [0x00000000c1000000, 0x00000000c5980000, 0x00000000eb000000)
  object space 75264K, 89% used [0x00000000c1000000,0x00000000c51cbbb0,0x00000000c5980000)
 Metaspace       used 10684K, capacity 10950K, committed 11136K, reserved 1058816K
  class space    used 1266K, capacity 1353K, committed 1408K, reserved 1048576K
}
Event: 5.644 GC heap before
{Heap before GC invocations=7 (full 2):
 PSYoungGen      total 33280K, used 160K [0x00000000eb000000, 0x00000000eea00000, 0x0000000100000000)
  eden space 30720K, 0% used [0x00000000eb000000,0x00000000eb000000,0x00000000ece00000)
  from space 2560K, 6% used [0x00000000ece00000,0x00000000ece28000,0x00000000ed080000)
  to   space 3072K, 0% used [0x00000000ee700000,0x00000000ee700000,0x00000000eea00000)
 ParOldGen       total 75264K, used 67374K [0x00000000c1000000, 0x00000000c5980000, 0x00000000eb000000)
  object space 75264K, 89% used [0x00000000c1000000,0x00000000c51cbbb0,0x00000000c5980000)
 Metaspace       used 10684K, capacity 10950K, committed 11136K, reserved 1058816K
  class space    used 1266K, capacity 1353K, committed 1408K, reserved 1048576K
Event: 5.657 GC heap after
Heap after GC invocations=7 (full 2):
 PSYoungGen      total 33280K, used 0K [0x00000000eb000000, 0x00000000eea00000, 0x0000000100000000)
  eden space 30720K, 0% used [0x00000000eb000000,0x00000000eb000000,0x00000000ece00000)
  from space 2560K, 0% used [0x00000000ece00000,0x00000000ece00000,0x00000000ed080000)
  to   space 3072K, 0% used [0x00000000ee700000,0x00000000ee700000,0x00000000eea00000)
 ParOldGen       total 122368K, used 41222K [0x00000000c1000000, 0x00000000c8780000, 0x00000000eb000000)
  object space 122368K, 33% used [0x00000000c1000000,0x00000000c3841938,0x00000000c8780000)
 Metaspace       used 10684K, capacity 10950K, committed 11136K, reserved 1058816K
  class space    used 1266K, capacity 1353K, committed 1408K, reserved 1048576K
}
Event: 5.812 GC heap before
{Heap before GC invocations=8 (full 2):
 PSYoungGen      total 33280K, used 30720K [0x00000000eb000000, 0x00000000eea00000, 0x0000000100000000)
  eden space 30720K, 100% used [0x00000000eb000000,0x00000000ece00000,0x00000000ece00000)
  from space 2560K, 0% used [0x00000000ece00000,0x00000000ece00000,0x00000000ed080000)
  to   space 3072K, 0% used [0x00000000ee700000,0x00000000ee700000,0x00000000eea00000)
 ParOldGen       total 122368K, used 41222K [0x00000000c1000000, 0x00000000c8780000, 0x00000000eb000000)
  object space 122368K, 33% used [0x00000000c1000000,0x00000000c3841938,0x00000000c8780000)
 Metaspace       used 10685K, capacity 10950K, committed 11136K, reserved 1058816K
  class space    used 1266K, capacity 1353K, committed 1408K, reserved 1048576K
Event: 5.823 GC heap after
Heap after GC invocations=8 (full 2):
 PSYoungGen      total 53248K, used 160K [0x00000000eb000000, 0x00000000ee880000, 0x0000000100000000)
  eden space 51712K, 0% used [0x00000000eb000000,0x00000000eb000000,0x00000000ee280000)
  from space 1536K, 10% used [0x00000000ee700000,0x00000000ee728000,0x00000000ee880000)
  to   space 3072K, 0% used [0x00000000ee280000,0x00000000ee280000,0x00000000ee580000)
 ParOldGen       total 122368K, used 80527K [0x00000000c1000000, 0x00000000c8780000, 0x00000000eb000000)
  object space 122368K, 65% used [0x00000000c1000000,0x00000000c5ea3e80,0x00000000c8780000)
 Metaspace       used 10685K, capacity 10950K, committed 11136K, reserved 1058816K
  class space    used 1266K, capacity 1353K, committed 1408K, reserved 1048576K
}
Event: 5.823 GC heap before
{Heap before GC invocations=9 (full 3):
 PSYoungGen      total 53248K, used 160K [0x00000000eb000000, 0x00000000ee880000, 0x0000000100000000)
  eden space 51712K, 0% used [0x00000000eb000000,0x00000000eb000000,0x00000000ee280000)
  from space 1536K, 10% used [0x00000000ee700000,0x00000000ee728000,0x00000000ee880000)
  to   space 3072K, 0% used [0x00000000ee280000,0x00000000ee280000,0x00000000ee580000)
 ParOldGen       total 122368K, used 80527K [0x00000000c1000000, 0x00000000c8780000, 0x00000000eb000000)
  object space 122368K, 65% used [0x00000000c1000000,0x00000000c5ea3e80,0x00000000c8780000)
 Metaspace       used 10685K, capacity 10950K, committed 11136K, reserved 1058816K
  class space    used 1266K, capacity 1353K, committed 1408K, reserved 1048576K
Event: 5.874 GC heap after
Heap after GC invocations=9 (full 3):
 PSYoungGen      total 53248K, used 0K [0x00000000eb000000, 0x00000000ee880000, 0x0000000100000000)
  eden space 51712K, 0% used [0x00000000eb000000,0x00000000eb000000,0x00000000ee280000)
  from space 1536K, 0% used [0x00000000ee700000,0x00000000ee700000,0x00000000ee880000)
  to   space 3072K, 0% used [0x00000000ee280000,0x00000000ee280000,0x00000000ee580000)
 ParOldGen       total 156672K, used 54266K [0x00000000c1000000, 0x00000000ca900000, 0x00000000eb000000)
  object space 156672K, 34% used [0x00000000c1000000,0x00000000c44feb60,0x00000000ca900000)
 Metaspace       used 10685K, capacity 10950K, committed 11136K, reserved 1058816K
  class space    used 1266K, capacity 1353K, committed 1408K, reserved 1048576K
}

