# JRE version: Java(TM) SE Runtime Environment (8.0_31-b13) (build 1.8.0_31-b13)
# Java VM: Java HotSpot(TM) 64-Bit Server VM (25.31-b07 mixed mode windows-amd64 compressed oops)
Heap:
 PSYoungGen      total 54784K, used 37489K [0x00000000eb000000, 0x00000000ef880000, 0x0000000100000000)
  eden space 51712K, 66% used [0x00000000eb000000,0x00000000ed19ded0,0x00000000ee280000)
  from space 3072K, 99% used [0x00000000ee280000,0x00000000ee57e7e0,0x00000000ee580000)
  to   space 4096K, 0% used [0x00000000ef480000,0x00000000ef480000,0x00000000ef880000)
 ParOldGen       total 151040K, used 55162K [0x00000000c1000000, 0x00000000ca380000, 0x00000000eb000000)
  object space 151040K, 36% used [0x00000000c1000000,0x00000000c45de828,0x00000000ca380000)
 Metaspace       used 15828K, capacity 16208K, committed 16384K, reserved 1062912K
  class space    used 1850K, capacity 1944K, committed 2048K, reserved 1048576K
GC Heap History (10 events):
Event: 5.050 GC heap before
{Heap before GC invocations=6 (full 1):
 PSYoungGen      total 28160K, used 27776K [0x00000000eb000000, 0x00000000ed300000, 0x0000000100000000)
  eden space 27648K, 100% used [0x00000000eb000000,0x00000000ecb00000,0x00000000ecb00000)
  from space 512K, 25% used [0x00000000ed280000,0x00000000ed2a0000,0x00000000ed300000)
  to   space 2560K, 0% used [0x00000000ece00000,0x00000000ece00000,0x00000000ed080000)
 ParOldGen       total 75776K, used 28176K [0x00000000c1000000, 0x00000000c5a00000, 0x00000000eb000000)
  object space 75776K, 37% used [0x00000000c1000000,0x00000000c2b843b8,0x00000000c5a00000)
 Metaspace       used 10691K, capacity 11014K, committed 11136K, reserved 1058816K
  class space    used 1265K, capacity 1353K, committed 1408K, reserved 1048576K
Event: 5.062 GC heap after
Heap after GC invocations=6 (full 1):
 PSYoungGen      total 33280K, used 128K [0x00000000eb000000, 0x00000000ee880000, 0x0000000100000000)
  eden space 30720K, 0% used [0x00000000eb000000,0x00000000eb000000,0x00000000ece00000)
  from space 2560K, 5% used [0x00000000ece00000,0x00000000ece20000,0x00000000ed080000)
  to   space 3072K, 0% used [0x00000000ee580000,0x00000000ee580000,0x00000000ee880000)
 ParOldGen       total 75776K, used 54388K [0x00000000c1000000, 0x00000000c5a00000, 0x00000000eb000000)
  object space 75776K, 71% used [0x00000000c1000000,0x00000000c451d1e8,0x00000000c5a00000)
 Metaspace       used 10691K, capacity 11014K, committed 11136K, reserved 1058816K
  class space    used 1265K, capacity 1353K, committed 1408K, reserved 1048576K
}
Event: 5.062 GC heap before
{Heap before GC invocations=7 (full 2):
 PSYoungGen      total 33280K, used 128K [0x00000000eb000000, 0x00000000ee880000, 0x0000000100000000)
  eden space 30720K, 0% used [0x00000000eb000000,0x00000000eb000000,0x00000000ece00000)
  from space 2560K, 5% used [0x00000000ece00000,0x00000000ece20000,0x00000000ed080000)
  to   space 3072K, 0% used [0x00000000ee580000,0x00000000ee580000,0x00000000ee880000)
 ParOldGen       total 75776K, used 54388K [0x00000000c1000000, 0x00000000c5a00000, 0x00000000eb000000)
  object space 75776K, 71% used [0x00000000c1000000,0x00000000c451d1e8,0x00000000c5a00000)
 Metaspace       used 10691K, capacity 11014K, committed 11136K, reserved 1058816K
  class space    used 1265K, capacity 1353K, committed 1408K, reserved 1048576K
Event: 5.075 GC heap after
Heap after GC invocations=7 (full 2):
 PSYoungGen      total 33280K, used 0K [0x00000000eb000000, 0x00000000ee880000, 0x0000000100000000)
  eden space 30720K, 0% used [0x00000000eb000000,0x00000000eb000000,0x00000000ece00000)
  from space 2560K, 0% used [0x00000000ece00000,0x00000000ece00000,0x00000000ed080000)
  to   space 3072K, 0% used [0x00000000ee580000,0x00000000ee580000,0x00000000ee880000)
 ParOldGen       total 115200K, used 41337K [0x00000000c1000000, 0x00000000c8080000, 0x00000000eb000000)
  object space 115200K, 35% used [0x00000000c1000000,0x00000000c385e778,0x00000000c8080000)
 Metaspace       used 10691K, capacity 11014K, committed 11136K, reserved 1058816K
  class space    used 1265K, capacity 1353K, committed 1408K, reserved 1048576K
}
Event: 5.230 GC heap before
{Heap before GC invocations=8 (full 2):
 PSYoungGen      total 33280K, used 30720K [0x00000000eb000000, 0x00000000ee880000, 0x0000000100000000)
  eden space 30720K, 100% used [0x00000000eb000000,0x00000000ece00000,0x00000000ece00000)
  from space 2560K, 0% used [0x00000000ece00000,0x00000000ece00000,0x00000000ed080000)
  to   space 3072K, 0% used [0x00000000ee580000,0x00000000ee580000,0x00000000ee880000)
 ParOldGen       total 115200K, used 41337K [0x00000000c1000000, 0x00000000c8080000, 0x00000000eb000000)
  object space 115200K, 35% used [0x00000000c1000000,0x00000000c385e778,0x00000000c8080000)
 Metaspace       used 10693K, capacity 11014K, committed 11136K, reserved 1058816K
  class space    used 1265K, capacity 1353K, committed 1408K, reserved 1048576K
Event: 5.246 GC heap after
Heap after GC invocations=8 (full 2):
 PSYoungGen      total 54784K, used 160K [0x00000000eb000000, 0x00000000ee900000, 0x0000000100000000)
  eden space 51712K, 0% used [0x00000000eb000000,0x00000000eb000000,0x00000000ee280000)
  from space 3072K, 5% used [0x00000000ee580000,0x00000000ee5a8000,0x00000000ee880000)
  to   space 3072K, 0% used [0x00000000ee280000,0x00000000ee280000,0x00000000ee580000)
 ParOldGen       total 115200K, used 80643K [0x00000000c1000000, 0x00000000c8080000, 0x00000000eb000000)
  object space 115200K, 70% used [0x00000000c1000000,0x00000000c5ec0cc0,0x00000000c8080000)
 Metaspace       used 10693K, capacity 11014K, committed 11136K, reserved 1058816K
  class space    used 1265K, capacity 1353K, committed 1408K, reserved 1048576K
}
Event: 5.246 GC heap before
{Heap before GC invocations=9 (full 3):
 PSYoungGen      total 54784K, used 160K [0x00000000eb000000, 0x00000000ee900000, 0x0000000100000000)
  eden space 51712K, 0% used [0x00000000eb000000,0x00000000eb000000,0x00000000ee280000)
  from space 3072K, 5% used [0x00000000ee580000,0x00000000ee5a8000,0x00000000ee880000)
  to   space 3072K, 0% used [0x00000000ee280000,0x00000000ee280000,0x00000000ee580000)
 ParOldGen       total 115200K, used 80643K [0x00000000c1000000, 0x00000000c8080000, 0x00000000eb000000)
  object space 115200K, 70% used [0x00000000c1000000,0x00000000c5ec0cc0,0x00000000c8080000)
 Metaspace       used 10693K, capacity 11014K, committed 11136K, reserved 1058816K
  class space    used 1265K, capacity 1353K, committed 1408K, reserved 1048576K
Event: 5.291 GC heap after
Heap after GC invocations=9 (full 3):
 PSYoungGen      total 54784K, used 0K [0x00000000eb000000, 0x00000000ee900000, 0x0000000100000000)
  eden space 51712K, 0% used [0x00000000eb000000,0x00000000eb000000,0x00000000ee280000)
  from space 3072K, 0% used [0x00000000ee580000,0x00000000ee580000,0x00000000ee880000)
  to   space 3072K, 0% used [0x00000000ee280000,0x00000000ee280000,0x00000000ee580000)
 ParOldGen       total 151040K, used 54378K [0x00000000c1000000, 0x00000000ca380000, 0x00000000eb000000)
  object space 151040K, 36% used [0x00000000c1000000,0x00000000c451a818,0x00000000ca380000)
 Metaspace       used 10693K, capacity 11014K, committed 11136K, reserved 1058816K
  class space    used 1265K, capacity 1353K, committed 1408K, reserved 1048576K
}
Event: 18.537 GC heap before
{Heap before GC invocations=10 (full 3):
 PSYoungGen      total 54784K, used 51250K [0x00000000eb000000, 0x00000000ee900000, 0x0000000100000000)
  eden space 51712K, 99% used [0x00000000eb000000,0x00000000ee20cb10,0x00000000ee280000)
  from space 3072K, 0% used [0x00000000ee580000,0x00000000ee580000,0x00000000ee880000)
  to   space 3072K, 0% used [0x00000000ee280000,0x00000000ee280000,0x00000000ee580000)
 ParOldGen       total 151040K, used 54378K [0x00000000c1000000, 0x00000000ca380000, 0x00000000eb000000)
  object space 151040K, 36% used [0x00000000c1000000,0x00000000c451a818,0x00000000ca380000)
 Metaspace       used 15373K, capacity 15688K, committed 15872K, reserved 1062912K
  class space    used 1836K, capacity 1944K, committed 2048K, reserved 1048576K
Event: 18.543 GC heap after
Heap after GC invocations=10 (full 3):
 PSYoungGen      total 54784K, used 3065K [0x00000000eb000000, 0x00000000ef880000, 0x0000000100000000)
  eden space 51712K, 0% used [0x00000000eb000000,0x00000000eb000000,0x00000000ee280000)
  from space 3072K, 99% used [0x00000000ee280000,0x00000000ee57e7e0,0x00000000ee580000)
  to   space 4096K, 0% used [0x00000000ef480000,0x00000000ef480000,0x00000000ef880000)
 ParOldGen       total 151040K, used 55162K [0x00000000c1000000, 0x00000000ca380000, 0x00000000eb000000)
  object space 151040K, 36% used [0x00000000c1000000,0x00000000c45de828,0x00000000ca380000)
 Metaspace       used 15373K, capacity 15688K, committed 15872K, reserved 1062912K
  class space    used 1836K, capacity 1944K, committed 2048K, reserved 1048576K
}

