# JRE version: Java(TM) SE Runtime Environment (8.0_31-b13) (build 1.8.0_31-b13)
# Java VM: Java HotSpot(TM) 64-Bit Server VM (25.31-b07 mixed mode windows-amd64 compressed oops)
Heap:
 PSYoungGen      total 19456K, used 15730K [0x00000000eb000000, 0x00000000ec600000, 0x0000000100000000)
  eden space 16384K, 96% used [0x00000000eb000000,0x00000000ebf5c958,0x00000000ec000000)
  from space 3072K, 0% used [0x00000000ec000000,0x00000000ec000000,0x00000000ec300000)
  to   space 3072K, 0% used [0x00000000ec300000,0x00000000ec300000,0x00000000ec600000)
 ParOldGen       total 44032K, used 28364K [0x00000000c1000000, 0x00000000c3b00000, 0x00000000eb000000)
  object space 44032K, 64% used [0x00000000c1000000,0x00000000c2bb30e0,0x00000000c3b00000)
 Metaspace       used 14330K, capacity 14598K, committed 14848K, reserved 1064960K
  class space    used 1698K, capacity 1775K, committed 1792K, reserved 1048576K
GC Heap History (10 events):
Event: 7.501 GC heap before
{Heap before GC invocations=17 (full 9):
 PSYoungGen      total 19456K, used 16384K [0x00000000eb000000, 0x00000000ec600000, 0x0000000100000000)
  eden space 16384K, 100% used [0x00000000eb000000,0x00000000ec000000,0x00000000ec000000)
  from space 3072K, 0% used [0x00000000ec000000,0x00000000ec000000,0x00000000ec300000)
  to   space 3072K, 0% used [0x00000000ec300000,0x00000000ec300000,0x00000000ec600000)
 ParOldGen       total 44032K, used 41069K [0x00000000c1000000, 0x00000000c3b00000, 0x00000000eb000000)
  object space 44032K, 93% used [0x00000000c1000000,0x00000000c381b518,0x00000000c3b00000)
 Metaspace       used 11201K, capacity 11494K, committed 11648K, reserved 1058816K
  class space    used 1306K, capacity 1385K, committed 1408K, reserved 1048576K
Event: 7.518 GC heap after
Heap after GC invocations=17 (full 9):
 PSYoungGen      total 19456K, used 13350K [0x00000000eb000000, 0x00000000ec600000, 0x0000000100000000)
  eden space 16384K, 81% used [0x00000000eb000000,0x00000000ebd09b58,0x00000000ec000000)
  from space 3072K, 0% used [0x00000000ec000000,0x00000000ec000000,0x00000000ec300000)
  to   space 3072K, 0% used [0x00000000ec300000,0x00000000ec300000,0x00000000ec600000)
 ParOldGen       total 44032K, used 41069K [0x00000000c1000000, 0x00000000c3b00000, 0x00000000eb000000)
  object space 44032K, 93% used [0x00000000c1000000,0x00000000c381b518,0x00000000c3b00000)
 Metaspace       used 11201K, capacity 11494K, committed 11648K, reserved 1058816K
  class space    used 1306K, capacity 1385K, committed 1408K, reserved 1048576K
}
Event: 7.684 GC heap before
{Heap before GC invocations=18 (full 10):
 PSYoungGen      total 19456K, used 16384K [0x00000000eb000000, 0x00000000ec600000, 0x0000000100000000)
  eden space 16384K, 100% used [0x00000000eb000000,0x00000000ec000000,0x00000000ec000000)
  from space 3072K, 0% used [0x00000000ec000000,0x00000000ec000000,0x00000000ec300000)
  to   space 3072K, 0% used [0x00000000ec300000,0x00000000ec300000,0x00000000ec600000)
 ParOldGen       total 44032K, used 41069K [0x00000000c1000000, 0x00000000c3b00000, 0x00000000eb000000)
  object space 44032K, 93% used [0x00000000c1000000,0x00000000c381b518,0x00000000c3b00000)
 Metaspace       used 11250K, capacity 11558K, committed 11648K, reserved 1058816K
  class space    used 1311K, capacity 1385K, committed 1408K, reserved 1048576K
Event: 7.701 GC heap after
Heap after GC invocations=18 (full 10):
 PSYoungGen      total 19456K, used 13381K [0x00000000eb000000, 0x00000000ec600000, 0x0000000100000000)
  eden space 16384K, 81% used [0x00000000eb000000,0x00000000ebd117d0,0x00000000ec000000)
  from space 3072K, 0% used [0x00000000ec000000,0x00000000ec000000,0x00000000ec300000)
  to   space 3072K, 0% used [0x00000000ec300000,0x00000000ec300000,0x00000000ec600000)
 ParOldGen       total 44032K, used 41069K [0x00000000c1000000, 0x00000000c3b00000, 0x00000000eb000000)
  object space 44032K, 93% used [0x00000000c1000000,0x00000000c381b518,0x00000000c3b00000)
 Metaspace       used 11250K, capacity 11558K, committed 11648K, reserved 1058816K
  class space    used 1311K, capacity 1385K, committed 1408K, reserved 1048576K
}
Event: 7.915 GC heap before
{Heap before GC invocations=19 (full 11):
 PSYoungGen      total 19456K, used 16384K [0x00000000eb000000, 0x00000000ec600000, 0x0000000100000000)
  eden space 16384K, 100% used [0x00000000eb000000,0x00000000ec000000,0x00000000ec000000)
  from space 3072K, 0% used [0x00000000ec000000,0x00000000ec000000,0x00000000ec300000)
  to   space 3072K, 0% used [0x00000000ec300000,0x00000000ec300000,0x00000000ec600000)
 ParOldGen       total 44032K, used 41069K [0x00000000c1000000, 0x00000000c3b00000, 0x00000000eb000000)
  object space 44032K, 93% used [0x00000000c1000000,0x00000000c381b518,0x00000000c3b00000)
 Metaspace       used 11526K, capacity 11782K, committed 12032K, reserved 1060864K
  class space    used 1345K, capacity 1417K, committed 1536K, reserved 1048576K
Event: 7.949 GC heap after
Heap after GC invocations=19 (full 11):
 PSYoungGen      total 19456K, used 13302K [0x00000000eb000000, 0x00000000ec600000, 0x0000000100000000)
  eden space 16384K, 81% used [0x00000000eb000000,0x00000000ebcfd9f0,0x00000000ec000000)
  from space 3072K, 0% used [0x00000000ec000000,0x00000000ec000000,0x00000000ec300000)
  to   space 3072K, 0% used [0x00000000ec300000,0x00000000ec300000,0x00000000ec600000)
 ParOldGen       total 44032K, used 41067K [0x00000000c1000000, 0x00000000c3b00000, 0x00000000eb000000)
  object space 44032K, 93% used [0x00000000c1000000,0x00000000c381acf0,0x00000000c3b00000)
 Metaspace       used 11526K, capacity 11782K, committed 12032K, reserved 1060864K
  class space    used 1345K, capacity 1417K, committed 1536K, reserved 1048576K
}
Event: 8.106 GC heap before
{Heap before GC invocations=20 (full 12):
 PSYoungGen      total 19456K, used 16384K [0x00000000eb000000, 0x00000000ec600000, 0x0000000100000000)
  eden space 16384K, 100% used [0x00000000eb000000,0x00000000ec000000,0x00000000ec000000)
  from space 3072K, 0% used [0x00000000ec000000,0x00000000ec000000,0x00000000ec300000)
  to   space 3072K, 0% used [0x00000000ec300000,0x00000000ec300000,0x00000000ec600000)
 ParOldGen       total 44032K, used 41067K [0x00000000c1000000, 0x00000000c3b00000, 0x00000000eb000000)
  object space 44032K, 93% used [0x00000000c1000000,0x00000000c381acf0,0x00000000c3b00000)
 Metaspace       used 11927K, capacity 12262K, committed 12544K, reserved 1060864K
  class space    used 1419K, capacity 1513K, committed 1536K, reserved 1048576K
Event: 8.133 GC heap after
Heap after GC invocations=20 (full 12):
 PSYoungGen      total 19456K, used 13491K [0x00000000eb000000, 0x00000000ec600000, 0x0000000100000000)
  eden space 16384K, 82% used [0x00000000eb000000,0x00000000ebd2cc90,0x00000000ec000000)
  from space 3072K, 0% used [0x00000000ec000000,0x00000000ec000000,0x00000000ec300000)
  to   space 3072K, 0% used [0x00000000ec300000,0x00000000ec300000,0x00000000ec600000)
 ParOldGen       total 44032K, used 41065K [0x00000000c1000000, 0x00000000c3b00000, 0x00000000eb000000)
  object space 44032K, 93% used [0x00000000c1000000,0x00000000c381a438,0x00000000c3b00000)
 Metaspace       used 11927K, capacity 12262K, committed 12544K, reserved 1060864K
  class space    used 1419K, capacity 1513K, committed 1536K, reserved 1048576K
}
Event: 8.360 GC heap before
{Heap before GC invocations=21 (full 13):
 PSYoungGen      total 19456K, used 16384K [0x00000000eb000000, 0x00000000ec600000, 0x0000000100000000)
  eden space 16384K, 100% used [0x00000000eb000000,0x00000000ec000000,0x00000000ec000000)
  from space 3072K, 0% used [0x00000000ec000000,0x00000000ec000000,0x00000000ec300000)
  to   space 3072K, 0% used [0x00000000ec300000,0x00000000ec300000,0x00000000ec600000)
 ParOldGen       total 44032K, used 41065K [0x00000000c1000000, 0x00000000c3b00000, 0x00000000eb000000)
  object space 44032K, 93% used [0x00000000c1000000,0x00000000c381a438,0x00000000c3b00000)
 Metaspace       used 12089K, capacity 12332K, committed 12544K, reserved 1060864K
  class space    used 1448K, capacity 1514K, committed 1536K, reserved 1048576K
Event: 8.388 GC heap after
Heap after GC invocations=21 (full 13):
 PSYoungGen      total 19456K, used 0K [0x00000000eb000000, 0x00000000ec600000, 0x0000000100000000)
  eden space 16384K, 0% used [0x00000000eb000000,0x00000000eb000000,0x00000000ec000000)
  from space 3072K, 0% used [0x00000000ec000000,0x00000000ec000000,0x00000000ec300000)
  to   space 3072K, 0% used [0x00000000ec300000,0x00000000ec300000,0x00000000ec600000)
 ParOldGen       total 44032K, used 28364K [0x00000000c1000000, 0x00000000c3b00000, 0x00000000eb000000)
  object space 44032K, 64% used [0x00000000c1000000,0x00000000c2bb30e0,0x00000000c3b00000)
 Metaspace       used 12089K, capacity 12332K, committed 12544K, reserved 1060864K
  class space    used 1448K, capacity 1514K, committed 1536K, reserved 1048576K
}

